{
  "RSpec": {
    "coverage": {
      "/home/rua-con/Projects/interview/ovivan-be/project/app/helpers/application_helper.rb": {
        "lines": [
          1,
          1,
          null
        ],
        "branches": {}
      },
      "/home/rua-con/Projects/interview/ovivan-be/project/app/helpers/time_helper.rb": {
        "lines": [
          1,
          1,
          16,
          null,
          14,
          null,
          2,
          null,
          4,
          null,
          2,
          null,
          4,
          2,
          null,
          2,
          null,
          null,
          null
        ],
        "branches": {
          "[:if, 0, 3, 4, 3, 36]": {
            "[:then, 1, 3, 4, 3, 16]": 2,
            "[:else, 2, 3, 4, 3, 36]": 14
          },
          "[:case, 3, 5, 4, 17, 7]": {
            "[:when, 4, 7, 6, 7, 46]": 2,
            "[:when, 5, 9, 6, 9, 42]": 4,
            "[:when, 6, 11, 6, 11, 43]": 2,
            "[:when, 7, 13, 6, 14, 11]": 4,
            "[:else, 8, 16, 6, 16, 20]": 2
          },
          "[:if, 9, 13, 6, 13, 72]": {
            "[:then, 10, 13, 6, 13, 46]": 2,
            "[:else, 11, 13, 6, 13, 72]": 2
          }
        }
      },
      "/home/rua-con/Projects/interview/ovivan-be/project/app/controllers/application_controller.rb": {
        "lines": [
          1,
          1,
          1,
          null,
          1,
          1,
          null,
          null,
          null,
          1,
          8,
          8,
          null,
          7,
          null,
          null
        ],
        "branches": {
          "[:if, 0, 12, 4, 12, 31]": {
            "[:then, 1, 12, 4, 12, 15]": 1,
            "[:else, 2, 12, 4, 12, 31]": 7
          }
        }
      },
      "/home/rua-con/Projects/interview/ovivan-be/project/app/commons/error/handler.rb": {
        "lines": [
          1,
          1,
          1,
          null,
          1,
          1,
          1,
          null,
          5,
          null,
          null,
          2,
          null,
          5,
          null,
          null,
          null,
          null,
          1,
          null,
          null,
          null,
          null,
          1,
          5,
          5,
          5,
          null,
          null,
          null
        ],
        "branches": {
          "[:case, 0, 9, 10, 13, 13]": {
            "[:when, 1, 10, 44, 10, 44]": 3,
            "[:else, 2, 12, 12, 12, 67]": 2
          }
        }
      },
      "/home/rua-con/Projects/interview/ovivan-be/project/app/commons/transaction/handler.rb": {
        "lines": [
          1,
          1,
          1,
          null,
          null,
          null,
          null,
          1,
          4,
          null,
          4,
          null,
          1,
          1,
          null,
          null,
          null,
          null,
          null
        ],
        "branches": {}
      },
      "/home/rua-con/Projects/interview/ovivan-be/project/app/controllers/api/v1/urls_controller.rb": {
        "lines": [
          1,
          1,
          1,
          1,
          null,
          null,
          1,
          6,
          null,
          11,
          4,
          null,
          null,
          null,
          4,
          null,
          null,
          1,
          1,
          null,
          1,
          null,
          null,
          1,
          null,
          null,
          null,
          1,
          3,
          null,
          null,
          null,
          3,
          null,
          3,
          2,
          null,
          null,
          null,
          2,
          null,
          null,
          1,
          1,
          null,
          1,
          null,
          null,
          1,
          null,
          null,
          1,
          null,
          1,
          null,
          17,
          null,
          16,
          null,
          1,
          1,
          null,
          null,
          1,
          9,
          null,
          null,
          1,
          5,
          null,
          null,
          1,
          4,
          null,
          null,
          null,
          null
        ],
        "branches": {
          "[:if, 0, 10, 8, 16, 11]": {
            "[:then, 1, 11, 10, 15, 37]": 4,
            "[:else, 2, 10, 8, 16, 11]": 1
          },
          "[:if, 3, 35, 8, 41, 11]": {
            "[:then, 4, 36, 10, 40, 37]": 2,
            "[:else, 5, 35, 8, 41, 11]": 1
          },
          "[:if, 6, 69, 8, 69, 79]": {
            "[:then, 7, 69, 8, 69, 63]": 4,
            "[:else, 8, 69, 8, 69, 79]": 1
          },
          "[:if, 9, 73, 8, 73, 63]": {
            "[:then, 10, 73, 41, 73, 57]": 3,
            "[:else, 11, 73, 8, 73, 63]": 1
          }
        }
      },
      "/home/rua-con/Projects/interview/ovivan-be/project/app/commons/error/base.rb": {
        "lines": [
          null,
          1,
          1,
          1,
          null,
          1,
          null,
          22,
          22,
          22,
          null,
          22,
          22,
          22,
          null,
          22,
          null,
          null,
          null
        ],
        "branches": {}
      },
      "/home/rua-con/Projects/interview/ovivan-be/project/app/commons/error/exception.rb": {
        "lines": [
          1,
          1,
          1,
          1,
          7,
          7,
          7,
          null,
          null,
          null
        ],
        "branches": {}
      },
      "/home/rua-con/Projects/interview/ovivan-be/project/app/commons/error/urls/base.rb": {
        "lines": [
          1,
          1,
          1,
          1,
          1,
          10,
          10,
          10,
          null,
          null,
          null,
          null
        ],
        "branches": {}
      },
      "/home/rua-con/Projects/interview/ovivan-be/project/app/commons/error/urls/decode.rb": {
        "lines": [
          1,
          1,
          1,
          1,
          4,
          null,
          null,
          null,
          null,
          null,
          null,
          null,
          null,
          null
        ],
        "branches": {}
      },
      "/home/rua-con/Projects/interview/ovivan-be/project/app/commons/error/urls/encode.rb": {
        "lines": [
          1,
          1,
          1,
          1,
          1,
          4,
          null,
          null,
          null,
          null,
          null,
          null,
          null,
          null,
          null
        ],
        "branches": {}
      },
      "/home/rua-con/Projects/interview/ovivan-be/project/app/commons/error/validation/base.rb": {
        "lines": [
          1,
          1,
          1,
          1,
          1,
          7,
          7,
          7,
          null,
          null,
          null,
          null
        ],
        "branches": {}
      },
      "/home/rua-con/Projects/interview/ovivan-be/project/app/commons/error/validation/param.rb": {
        "lines": [
          1,
          1,
          1,
          1,
          7,
          null,
          null,
          null,
          null
        ],
        "branches": {}
      },
      "/home/rua-con/Projects/interview/ovivan-be/project/app/finders/application_finder.rb": {
        "lines": [
          1,
          1,
          1,
          null,
          1,
          null,
          1,
          1,
          null,
          1,
          1,
          3,
          null,
          null,
          1,
          3,
          null,
          null,
          1,
          8,
          8,
          8,
          null,
          null,
          1,
          3,
          null,
          null,
          null,
          1,
          null,
          1,
          null,
          1,
          8,
          8,
          null,
          null,
          8,
          null,
          null,
          1,
          8,
          7,
          5,
          null,
          2,
          null,
          null,
          1,
          null,
          null,
          null,
          1,
          7,
          null,
          3,
          null,
          4,
          null,
          null,
          null
        ],
        "branches": {
          "[:if, 0, 21, 6, 21, 37]": {
            "[:then, 1, 21, 6, 21, 21]": 2,
            "[:else, 2, 21, 6, 21, 37]": 6
          },
          "[:if, 3, 43, 4, 51, 7]": {
            "[:then, 4, 44, 6, 48, 9]": 7,
            "[:else, 5, 50, 6, 50, 30]": 1
          },
          "[:if, 6, 44, 6, 48, 9]": {
            "[:then, 7, 45, 8, 45, 32]": 5,
            "[:else, 8, 47, 8, 47, 13]": 2
          },
          "[:case, 9, 55, 4, 60, 7]": {
            "[:when, 10, 57, 6, 57, 16]": 3,
            "[:when, 11, 59, 6, 59, 26]": 4,
            "[:else, 12, 55, 4, 60, 7]": 0
          }
        }
      },
      "/home/rua-con/Projects/interview/ovivan-be/project/app/models/short_url.rb": {
        "lines": [
          1,
          1,
          1,
          null,
          1,
          null,
          1,
          16,
          null,
          null,
          1,
          11,
          null,
          null,
          1,
          null,
          1,
          23,
          null,
          1,
          2,
          2,
          null,
          null,
          null
        ],
        "branches": {
          "[:if, 0, 18, 4, 18, 27]": {
            "[:then, 1, 18, 4, 18, 10]": 22,
            "[:else, 2, 18, 4, 18, 27]": 1
          },
          "[:unless, 3, 22, 6, 22, 47]": {
            "[:else, 4, 22, 6, 22, 47]": 1,
            "[:then, 5, 22, 6, 22, 11]": 1
          }
        }
      },
      "/home/rua-con/Projects/interview/ovivan-be/project/app/finders/short_url_finder.rb": {
        "lines": [
          1,
          1,
          null,
          1,
          null,
          5,
          null,
          1,
          3,
          null,
          null
        ],
        "branches": {}
      },
      "/home/rua-con/Projects/interview/ovivan-be/project/app/forms/form_base.rb": {
        "lines": [
          1,
          1,
          1,
          1,
          null,
          1,
          null,
          1,
          27,
          27,
          null,
          null,
          1,
          5,
          null,
          null,
          5,
          3,
          3,
          null,
          2,
          null,
          null,
          null,
          1,
          33,
          37,
          null,
          null,
          null,
          null,
          1,
          4,
          null,
          3,
          null,
          null,
          3,
          null,
          1,
          null,
          null,
          null
        ],
        "branches": {
          "[:if, 0, 17, 4, 22, 7]": {
            "[:then, 1, 18, 6, 19, 10]": 3,
            "[:else, 2, 21, 6, 21, 29]": 2
          },
          "[:if, 3, 27, 6, 27, 65]": {
            "[:then, 4, 27, 6, 27, 45]": 37,
            "[:else, 5, 27, 6, 27, 65]": 0
          },
          "[:if, 6, 33, 4, 41, 7]": {
            "[:then, 7, 35, 6, 38, 88]": 3,
            "[:else, 8, 40, 6, 40, 58]": 1
          }
        }
      },
      "/home/rua-con/Projects/interview/ovivan-be/project/app/forms/url_form.rb": {
        "lines": [
          1,
          1,
          null,
          1,
          null,
          null,
          1,
          null,
          null,
          1,
          null,
          1,
          20,
          null,
          null,
          1,
          null,
          1,
          null,
          null,
          null,
          null,
          null,
          null,
          1,
          9,
          null,
          8,
          7,
          null,
          7,
          null,
          5,
          null,
          null,
          2,
          null,
          null,
          null,
          1,
          null,
          null,
          1,
          9,
          8,
          null,
          1,
          null,
          null,
          null,
          1,
          null,
          1,
          7,
          null,
          null,
          null,
          null,
          1,
          13,
          null,
          null,
          1,
          6,
          5,
          null,
          1,
          null,
          null
        ],
        "branches": {
          "[:if, 0, 26, 4, 26, 28]": {
            "[:then, 1, 26, 4, 26, 14]": 1,
            "[:else, 2, 26, 4, 26, 28]": 8
          },
          "[:if, 3, 31, 4, 37, 7]": {
            "[:then, 4, 33, 6, 33, 50]": 5,
            "[:else, 5, 36, 6, 36, 9]": 2
          },
          "[:if, 6, 60, 17, 60, 49]": {
            "[:then, 7, 60, 41, 60, 44]": 0,
            "[:else, 8, 60, 47, 60, 49]": 0
          },
          "[:if, 9, 64, 4, 64, 24]": {
            "[:then, 10, 64, 4, 64, 10]": 1,
            "[:else, 11, 64, 4, 64, 24]": 5
          },
          "[:if, 12, 65, 4, 65, 29]": {
            "[:then, 13, 65, 4, 65, 10]": 4,
            "[:else, 14, 65, 4, 65, 29]": 1
          }
        }
      },
      "/home/rua-con/Projects/interview/ovivan-be/project/app/presenters/application_presenter.rb": {
        "lines": [
          1,
          1,
          1,
          null,
          1,
          null
        ],
        "branches": {}
      },
      "/home/rua-con/Projects/interview/ovivan-be/project/app/presenters/short_urls/index_presenter.rb": {
        "lines": [
          null,
          1,
          1,
          1,
          null,
          1,
          8,
          null,
          null,
          1,
          null,
          1,
          null,
          5,
          1,
          1,
          null,
          null,
          4,
          null,
          null,
          4,
          null,
          null,
          4,
          null,
          4,
          null,
          null,
          null
        ],
        "branches": {
          "[:if, 0, 14, 6, 17, 9]": {
            "[:then, 1, 15, 8, 16, 63]": 1,
            "[:else, 2, 14, 6, 17, 9]": 4
          },
          "[:if, 3, 25, 6, 25, 59]": {
            "[:then, 4, 25, 6, 25, 40]": 3,
            "[:else, 5, 25, 6, 25, 59]": 1
          }
        }
      },
      "/home/rua-con/Projects/interview/ovivan-be/project/app/services/application_service.rb": {
        "lines": [
          null,
          null,
          null,
          1,
          1,
          null,
          1,
          12,
          11,
          11,
          null,
          null,
          1,
          1,
          null,
          null,
          1,
          null,
          1,
          3,
          null,
          1,
          null,
          null,
          1,
          2,
          null,
          null
        ],
        "branches": {
          "[:if, 0, 9, 4, 9, 35]": {
            "[:then, 1, 9, 4, 9, 19]": 2,
            "[:else, 2, 9, 4, 9, 35]": 9
          },
          "[:if, 3, 20, 4, 20, 25]": {
            "[:then, 4, 20, 4, 20, 10]": 2,
            "[:else, 5, 20, 4, 20, 25]": 1
          }
        }
      },
      "/home/rua-con/Projects/interview/ovivan-be/project/app/services/cache/short_url_cache.rb": {
        "lines": [
          1,
          1,
          1,
          1,
          1,
          null,
          null,
          1,
          1,
          1,
          null,
          null,
          null,
          1,
          2,
          2,
          null,
          null,
          1,
          4,
          null,
          null,
          1,
          null,
          null,
          null,
          null,
          null,
          null,
          1,
          null,
          null,
          null,
          null,
          null,
          null,
          1,
          4,
          null,
          null,
          1,
          null,
          null,
          null
        ],
        "branches": {
          "[:\"&.\", 0, 20, 20, 20, 32]": {
            "[:then, 1, 20, 20, 20, 32]": 3,
            "[:else, 2, 20, 20, 20, 32]": 1
          },
          "[:\"&.\", 3, 20, 36, 20, 56]": {
            "[:then, 4, 20, 36, 20, 56]": 2,
            "[:else, 5, 20, 36, 20, 56]": 0
          },
          "[:unless, 6, 20, 6, 20, 56]": {
            "[:else, 7, 20, 6, 20, 56]": 1,
            "[:then, 8, 20, 6, 20, 12]": 3
          }
        }
      },
      "/home/rua-con/Projects/interview/ovivan-be/project/app/services/urls/encode_service.rb": {
        "lines": [
          1,
          1,
          1,
          null,
          1,
          6,
          null,
          null,
          1,
          null,
          1,
          6,
          null,
          null,
          6,
          1,
          1,
          null,
          null,
          4,
          null,
          null,
          4,
          4,
          2,
          2,
          2,
          null,
          2,
          null,
          null,
          null,
          4,
          null,
          4,
          null,
          null,
          1,
          2,
          2,
          2,
          null,
          null,
          null,
          null
        ],
        "branches": {
          "[:if, 0, 15, 6, 18, 9]": {
            "[:then, 1, 16, 8, 17, 95]": 1,
            "[:else, 2, 15, 6, 18, 9]": 4
          },
          "[:if, 3, 24, 6, 30, 9]": {
            "[:then, 4, 25, 8, 27, 82]": 2,
            "[:else, 5, 29, 8, 29, 90]": 2
          },
          "[:unless, 6, 41, 8, 41, 54]": {
            "[:else, 7, 41, 8, 41, 54]": 0,
            "[:then, 8, 41, 8, 41, 18]": 2
          }
        }
      },
      "/home/rua-con/Projects/interview/ovivan-be/project/app/commons/error/general/http.rb": {
        "lines": [
          1,
          1,
          1,
          1,
          2,
          null,
          null,
          null,
          1,
          1,
          1,
          null,
          null,
          null,
          null,
          null
        ],
        "branches": {}
      }
    },
    "timestamp": 1762456391
  }
}
